<?xml version="1.0" encoding="utf-8"?><testsuites name="pytest tests"><testsuite name="pytest" errors="0" failures="0" skipped="0" tests="25" time="5.157" timestamp="2026-03-14T10:11:10.588168+00:00" hostname="agent-env-b238ece7-6f9c-431b-a88b-0f122c5abed5"><testcase classname="tests.test_iteration4_clerk_auth.TestHealthEndpoint" name="test_health_check_returns_ok" time="2.419" /><testcase classname="tests.test_iteration4_clerk_auth.TestAuthEndpointsNoAuth" name="test_auth_me_without_auth_returns_401" time="0.103" /><testcase classname="tests.test_iteration4_clerk_auth.TestAuthEndpointsNoAuth" name="test_auth_sync_without_auth_returns_401" time="0.158" /><testcase classname="tests.test_iteration4_clerk_auth.TestAuthEndpointsNoAuth" name="test_auth_profile_without_auth_returns_401" time="0.138" /><testcase classname="tests.test_iteration4_clerk_auth.TestWorkspacesNoAuth" name="test_get_workspaces_without_auth_returns_401" time="0.166" /><testcase classname="tests.test_iteration4_clerk_auth.TestWorkspacesNoAuth" name="test_create_workspace_without_auth_returns_401" time="0.120" /><testcase classname="tests.test_iteration4_clerk_auth.TestWorkspacesNoAuth" name="test_get_workspace_by_id_without_auth_returns_401" time="0.142" /><testcase classname="tests.test_iteration4_clerk_auth.TestWorkspacesNoAuth" name="test_update_workspace_without_auth_returns_401" time="0.106" /><testcase classname="tests.test_iteration4_clerk_auth.TestWorkspacesNoAuth" name="test_delete_workspace_without_auth_returns_401" time="0.127" /><testcase classname="tests.test_iteration4_clerk_auth.TestDashboardNoAuth" name="test_dashboard_stats_without_auth_returns_401" time="0.097" /><testcase classname="tests.test_iteration4_clerk_auth.TestProjectsNoAuth" name="test_get_projects_without_auth_returns_401" time="0.106" /><testcase classname="tests.test_iteration4_clerk_auth.TestProjectsNoAuth" name="test_create_project_without_auth_returns_401" time="0.134" /><testcase classname="tests.test_iteration4_clerk_auth.TestDatasetsNoAuth" name="test_get_datasets_without_auth_returns_401" time="0.098" /><testcase classname="tests.test_iteration4_clerk_auth.TestDatasetsNoAuth" name="test_get_dataset_without_auth_returns_401" time="0.101" /><testcase classname="tests.test_iteration4_clerk_auth.TestAnalysisNoAuth" name="test_trigger_analysis_without_auth_returns_401" time="0.098" /><testcase classname="tests.test_iteration4_clerk_auth.TestAnalysisNoAuth" name="test_get_analysis_without_auth_returns_401" time="0.099" /><testcase classname="tests.test_iteration4_clerk_auth.TestInsightsNoAuth" name="test_trigger_insights_without_auth_returns_401" time="0.100" /><testcase classname="tests.test_iteration4_clerk_auth.TestInsightsNoAuth" name="test_get_insights_without_auth_returns_401" time="0.110" /><testcase classname="tests.test_iteration4_clerk_auth.TestReportsNoAuth" name="test_generate_report_without_auth_returns_401" time="0.100" /><testcase classname="tests.test_iteration4_clerk_auth.TestReportsNoAuth" name="test_get_report_without_auth_returns_401" time="0.104" /><testcase classname="tests.test_iteration4_clerk_auth.TestCORSConfiguration" name="test_cors_preflight_returns_headers" time="0.064" /><testcase classname="tests.test_iteration4_clerk_auth.TestCORSConfiguration" name="test_cors_origin_header_on_get" time="0.099" /><testcase classname="tests.test_iteration4_clerk_auth.TestInvalidTokenHandling" name="test_invalid_bearer_token_returns_401" time="0.101" /><testcase classname="tests.test_iteration4_clerk_auth.TestInvalidTokenHandling" name="test_malformed_auth_header_returns_401" time="0.099" /><testcase classname="tests.test_iteration4_clerk_auth.TestInvalidTokenHandling" name="test_empty_bearer_token_returns_401" time="0.101" /></testsuite></testsuites>