<?xml version="1.0" encoding="utf-8"?><testsuites name="pytest tests"><testsuite name="pytest" errors="0" failures="0" skipped="0" tests="28" time="3.890" timestamp="2026-03-14T08:16:32.631319+00:00" hostname="agent-env-b238ece7-6f9c-431b-a88b-0f122c5abed5"><testcase classname="backend.tests.test_clerk_auth_migration.TestHealthEndpoints" name="test_health_check_returns_ok" time="0.241" /><testcase classname="backend.tests.test_clerk_auth_migration.TestAuthEndpointsNoToken" name="test_auth_me_without_token_returns_401" time="0.122" /><testcase classname="backend.tests.test_clerk_auth_migration.TestAuthEndpointsNoToken" name="test_auth_sync_without_token_returns_401" time="0.121" /><testcase classname="backend.tests.test_clerk_auth_migration.TestAuthEndpointsNoToken" name="test_auth_profile_without_token_returns_401" time="0.150" /><testcase classname="backend.tests.test_clerk_auth_migration.TestWorkspaceEndpointsNoToken" name="test_list_workspaces_without_token_returns_401" time="0.120" /><testcase classname="backend.tests.test_clerk_auth_migration.TestWorkspaceEndpointsNoToken" name="test_create_workspace_without_token_returns_401" time="0.127" /><testcase classname="backend.tests.test_clerk_auth_migration.TestWorkspaceEndpointsNoToken" name="test_get_workspace_without_token_returns_401" time="0.115" /><testcase classname="backend.tests.test_clerk_auth_migration.TestWorkspaceEndpointsNoToken" name="test_update_workspace_without_token_returns_401" time="0.132" /><testcase classname="backend.tests.test_clerk_auth_migration.TestWorkspaceEndpointsNoToken" name="test_delete_workspace_without_token_returns_401" time="0.126" /><testcase classname="backend.tests.test_clerk_auth_migration.TestDashboardEndpointsNoToken" name="test_dashboard_stats_without_token_returns_401" time="0.121" /><testcase classname="backend.tests.test_clerk_auth_migration.TestProjectEndpointsNoToken" name="test_list_projects_without_token_returns_401" time="0.143" /><testcase classname="backend.tests.test_clerk_auth_migration.TestProjectEndpointsNoToken" name="test_create_project_without_token_returns_401" time="0.133" /><testcase classname="backend.tests.test_clerk_auth_migration.TestProjectEndpointsNoToken" name="test_get_project_without_token_returns_401" time="0.129" /><testcase classname="backend.tests.test_clerk_auth_migration.TestProjectEndpointsNoToken" name="test_project_stats_without_token_returns_401" time="0.146" /><testcase classname="backend.tests.test_clerk_auth_migration.TestDatasetEndpointsNoToken" name="test_list_datasets_without_token_returns_401" time="0.137" /><testcase classname="backend.tests.test_clerk_auth_migration.TestDatasetEndpointsNoToken" name="test_upload_dataset_without_token_returns_401" time="0.134" /><testcase classname="backend.tests.test_clerk_auth_migration.TestDatasetEndpointsNoToken" name="test_get_dataset_without_token_returns_401" time="0.129" /><testcase classname="backend.tests.test_clerk_auth_migration.TestDatasetEndpointsNoToken" name="test_delete_dataset_without_token_returns_401" time="0.122" /><testcase classname="backend.tests.test_clerk_auth_migration.TestDatasetEndpointsNoToken" name="test_dataset_preview_without_token_returns_401" time="0.129" /><testcase classname="backend.tests.test_clerk_auth_migration.TestAnalysisEndpointsNoToken" name="test_trigger_analysis_without_token_returns_401" time="0.124" /><testcase classname="backend.tests.test_clerk_auth_migration.TestAnalysisEndpointsNoToken" name="test_get_analysis_without_token_returns_401" time="0.147" /><testcase classname="backend.tests.test_clerk_auth_migration.TestInsightsEndpointsNoToken" name="test_trigger_insights_without_token_returns_401" time="0.123" /><testcase classname="backend.tests.test_clerk_auth_migration.TestInsightsEndpointsNoToken" name="test_get_insights_without_token_returns_401" time="0.127" /><testcase classname="backend.tests.test_clerk_auth_migration.TestReportEndpointsNoToken" name="test_generate_report_without_token_returns_401" time="0.120" /><testcase classname="backend.tests.test_clerk_auth_migration.TestReportEndpointsNoToken" name="test_get_report_without_token_returns_401" time="0.127" /><testcase classname="backend.tests.test_clerk_auth_migration.TestReportEndpointsNoToken" name="test_download_report_without_token_returns_401" time="0.154" /><testcase classname="backend.tests.test_clerk_auth_migration.TestInvalidBearerToken" name="test_auth_me_with_invalid_token_returns_error" time="0.122" /><testcase classname="backend.tests.test_clerk_auth_migration.TestInvalidBearerToken" name="test_workspaces_with_invalid_token_returns_error" time="0.149" /></testsuite></testsuites>