<?xml version="1.0" encoding="utf-8"?><testsuites name="pytest tests"><testsuite name="pytest" errors="0" failures="0" skipped="0" tests="21" time="6.046" timestamp="2026-03-13T10:22:04.801903+00:00" hostname="agent-env-b238ece7-6f9c-431b-a88b-0f122c5abed5"><testcase classname="backend.tests.test_analysis_engine.TestAnalysisEngineFeatures" name="test_upload_and_analyze_with_identifiers" time="2.876" /><testcase classname="backend.tests.test_analysis_engine.TestAnalysisEngineFeatures" name="test_column_scores_have_required_fields" time="0.100" /><testcase classname="backend.tests.test_analysis_engine.TestAnalysisEngineFeatures" name="test_scatter_chart_uses_correlated_pair" time="0.106" /><testcase classname="backend.tests.test_analysis_engine.TestAnalysisEngineFeatures" name="test_high_cardinality_detection" time="0.111" /><testcase classname="backend.tests.test_analysis_engine.TestDashboardStats" name="test_dashboard_stats_structure" time="0.228" /><testcase classname="backend.tests.test_insightforge.TestAuth" name="test_health" time="0.112" /><testcase classname="backend.tests.test_insightforge.TestAuth" name="test_login" time="0.321" /><testcase classname="backend.tests.test_insightforge.TestAuth" name="test_me" time="0.478" /><testcase classname="backend.tests.test_insightforge.TestAuth" name="test_login_wrong_password" time="0.329" /><testcase classname="backend.tests.test_insightforge.TestAuth" name="test_me_unauthenticated" time="0.109" /><testcase classname="backend.tests.test_insightforge.TestWorkspaces" name="test_list_workspaces" time="0.104" /><testcase classname="backend.tests.test_insightforge.TestWorkspaces" name="test_create_workspace" time="0.115" /><testcase classname="backend.tests.test_insightforge.TestWorkspaces" name="test_get_workspace" time="0.123" /><testcase classname="backend.tests.test_insightforge.TestWorkspaces" name="test_create_project_in_workspace" time="0.128" /><testcase classname="backend.tests.test_insightforge.TestWorkspaces" name="test_project_stats" time="0.102" /><testcase classname="backend.tests.test_insightforge.TestWorkspaces" name="test_dashboard_stats" time="0.108" /><testcase classname="backend.tests.test_insightforge.TestDatasets" name="test_upload_csv" time="0.116" /><testcase classname="backend.tests.test_insightforge.TestDatasets" name="test_get_dataset" time="0.102" /><testcase classname="backend.tests.test_insightforge.TestDatasets" name="test_list_datasets_in_project" time="0.119" /><testcase classname="backend.tests.test_insightforge.TestDatasets" name="test_trigger_analysis" time="0.103" /><testcase classname="backend.tests.test_insightforge.TestDatasets" name="test_cleanup_workspace" time="0.099" /></testsuite></testsuites>