<?xml version="1.0" encoding="utf-8"?><testsuites name="pytest tests"><testsuite name="pytest" errors="0" failures="0" skipped="0" tests="16" time="2.909" timestamp="2026-03-13T08:15:57.141629+00:00" hostname="agent-env-5e6924ba-a9bc-4667-bd7a-6312d022b670"><testcase classname="backend.tests.test_insightforge.TestAuth" name="test_health" time="0.262" /><testcase classname="backend.tests.test_insightforge.TestAuth" name="test_login" time="0.356" /><testcase classname="backend.tests.test_insightforge.TestAuth" name="test_me" time="0.437" /><testcase classname="backend.tests.test_insightforge.TestAuth" name="test_login_wrong_password" time="0.359" /><testcase classname="backend.tests.test_insightforge.TestAuth" name="test_me_unauthenticated" time="0.107" /><testcase classname="backend.tests.test_insightforge.TestWorkspaces" name="test_list_workspaces" time="0.138" /><testcase classname="backend.tests.test_insightforge.TestWorkspaces" name="test_create_workspace" time="0.103" /><testcase classname="backend.tests.test_insightforge.TestWorkspaces" name="test_get_workspace" time="0.147" /><testcase classname="backend.tests.test_insightforge.TestWorkspaces" name="test_create_project_in_workspace" time="0.101" /><testcase classname="backend.tests.test_insightforge.TestWorkspaces" name="test_project_stats" time="0.103" /><testcase classname="backend.tests.test_insightforge.TestWorkspaces" name="test_dashboard_stats" time="0.101" /><testcase classname="backend.tests.test_insightforge.TestDatasets" name="test_upload_csv" time="0.124" /><testcase classname="backend.tests.test_insightforge.TestDatasets" name="test_get_dataset" time="0.112" /><testcase classname="backend.tests.test_insightforge.TestDatasets" name="test_list_datasets_in_project" time="0.107" /><testcase classname="backend.tests.test_insightforge.TestDatasets" name="test_trigger_analysis" time="0.113" /><testcase classname="backend.tests.test_insightforge.TestDatasets" name="test_cleanup_workspace" time="0.174" /></testsuite></testsuites>